<component name="libraryTable">
  <library name="junit-4.10">
    <CLASSES>
      <root url="jar://F:/JavaSE学习bt/junit-4.10.jar!/" />
    </CLASSES>
    <JAVADOC />
    <SOURCES />
  </library>
</component>